<?xml version="1.0" encoding="UTF-8"?>
<testng-results ignored="0" total="2" passed="2" failed="0" skipped="0">
  <reporter-output>
  </reporter-output>
  <suite started-at="2026-02-02T00:42:00 IST" name="Surefire suite" finished-at="2026-02-02T00:43:25 IST" duration-ms="84858">
    <groups>
      <group name="cucumber">
        <method signature="AbstractTestNGCucumberTests.runScenario(io.cucumber.testng.PickleWrapper,io.cucumber.testng.FeatureWrapper)[pri:0, instance:runner.TestRunner@3ba9ad43]" name="runScenario" class="io.cucumber.testng.AbstractTestNGCucumberTests"/>
      </group> <!-- cucumber -->
    </groups>
    <test started-at="2026-02-02T00:42:00 IST" name="Surefire test" finished-at="2026-02-02T00:43:25 IST" duration-ms="84858">
      <class name="runner.TestRunner">
        <test-method is-config="true" signature="setUpClass(org.testng.ITestContext)[pri:0, instance:runner.TestRunner@3ba9ad43]" started-at="2026-02-02T00:42:00 IST" name="setUpClass" finished-at="2026-02-02T00:42:01 IST" duration-ms="566" status="PASS">
          <params>
            <param index="0">
              <value>
                <![CDATA[org.testng.TestRunner@10b67f54]]>
              </value>
            </param>
          </params>
          <reporter-output>
          </reporter-output>
        </test-method> <!-- setUpClass -->
        <test-method signature="runScenario(io.cucumber.testng.PickleWrapper,io.cucumber.testng.FeatureWrapper)[pri:0, instance:runner.TestRunner@3ba9ad43]" started-at="2026-02-02T00:42:01 IST" name="runScenario" description="Runs Cucumber Scenarios" data-provider="scenarios" finished-at="2026-02-02T00:42:06 IST" duration-ms="5668" status="PASS">
          <params>
            <param index="0">
              <value>
                <![CDATA["Request OTP to mobile"]]>
              </value>
            </param>
            <param index="1">
              <value>
                <![CDATA["Login OTP"]]>
              </value>
            </param>
          </params>
          <reporter-output>
          </reporter-output>
        </test-method> <!-- runScenario -->
        <test-method signature="runScenario(io.cucumber.testng.PickleWrapper,io.cucumber.testng.FeatureWrapper)[pri:0, instance:runner.TestRunner@3ba9ad43]" started-at="2026-02-02T00:42:06 IST" name="runScenario" description="Runs Cucumber Scenarios" data-provider="scenarios" finished-at="2026-02-02T00:43:25 IST" duration-ms="78527" status="PASS">
          <params>
            <param index="0">
              <value>
                <![CDATA["Select from and to stations"]]>
              </value>
            </param>
            <param index="1">
              <value>
                <![CDATA["Train selection"]]>
              </value>
            </param>
          </params>
          <reporter-output>
          </reporter-output>
        </test-method> <!-- runScenario -->
        <test-method is-config="true" signature="tearDownClass()[pri:0, instance:runner.TestRunner@3ba9ad43]" started-at="2026-02-02T00:43:25 IST" name="tearDownClass" finished-at="2026-02-02T00:43:25 IST" duration-ms="65" status="PASS">
          <reporter-output>
          </reporter-output>
        </test-method> <!-- tearDownClass -->
      </class> <!-- runner.TestRunner -->
    </test> <!-- Surefire test -->
  </suite> <!-- Surefire suite -->
</testng-results>
