<?xml version="1.0" encoding="UTF-8"?>
<testsuite xmlns:xsi="http://www.w3.org/2001/XMLSchema-instance" xsi:noNamespaceSchemaLocation="https://maven.apache.org/surefire/maven-surefire-plugin/xsd/surefire-test-report-3.0.xsd" version="3.0" name="runner.TestRunner" time="33.799" tests="2" errors="0" skipped="0" failures="0">
  <properties>
[...]
</properties>
  <testcase name="runScenario[&quot;Request OTP to mobile&quot;, &quot;Login OTP&quot;](1)" classname="runner.TestRunner" time="4.649">
    <system-out><![CDATA[
@manualOtp
Scenario: Request OTP to mobile       # src/test/resources/features/Login.feature:4
  Given user opens login              # stepdefinitions.LoginSteps.user_opens_login()
  When user enters mobile number      # stepdefinitions.LoginSteps.user_enters_mobile_number()
  And user clicks continue to get OTP # stepdefinitions.LoginSteps.user_clicks_continue_to_get_otp()
OTP screen displayed. Enter OTP manually.
  Then OTP screen should be displayed # stepdefinitions.LoginSteps.otp_screen_should_be_displayed()
Manual OTP scenario: browser kept open.
]]></system-out>
    <system-err><![CDATA[SLF4J: Failed to load class "org.slf4j.impl.StaticLoggerBinder".
SLF4J: Defaulting to no-operation (NOP) logger implementation
SLF4J: See http://www.slf4j.org/codes.html#StaticLoggerBinder for further details.
Jan 27, 2026 2:54:18 AM org.openqa.selenium.devtools.CdpVersionFinder findNearestMatch
WARNING: Unable to find an exact match for CDP version 144, returning the closest version; found: 143; Please update to a Selenium version that supports CDP version 144
]]></system-err>
  </testcase>
  <testcase name="runScenario[&quot;Select from and to stations&quot;, &quot;Train selection&quot;](2)" classname="runner.TestRunner" time="28.476">
    <system-out><![CDATA[
@manualOtp
Scenario: Select from and to stations                       # src/test/resources/features/Trains.feature:4
Please complete OTP login manually... waiting up to 3 minutes.
Assuming OTP is completed manually. Continuing...
  Given user is logged in manually                          # stepdefinitions.TrainsSteps.user_is_logged_in_manually()
  When user opens trains page                               # stepdefinitions.TrainsSteps.user_opens_trains_page()
  And user selects from station "Salem Jn (SA)"             # stepdefinitions.TrainsSteps.user_selects_from_station(java.lang.String)
  And user selects to station "Chennai - All stations(MAS)" # stepdefinitions.TrainsSteps.user_selects_to_station(java.lang.String)
  And user selects departure day 26                         # stepdefinitions.TrainsSteps.user_selects_departure_day(java.lang.Integer)
  And user clicks search trains                             # stepdefinitions.TrainsSteps.user_clicks_search_trains()
  Then train results should be displayed                    # stepdefinitions.TrainsSteps.train_results_should_be_displayed()
Manual OTP scenario: browser kept open.
]]></system-out>
  </testcase>
</testsuite>