<?xml version="1.0" encoding="UTF-8"?>
<testng-results ignored="0" total="2" passed="2" failed="0" skipped="0">
  <reporter-output>
  </reporter-output>
  <suite started-at="2026-01-27T02:54:16 IST" name="Surefire suite" finished-at="2026-01-27T02:54:49 IST" duration-ms="33381">
    <groups>
      <group name="cucumber">
        <method signature="AbstractTestNGCucumberTests.runScenario(io.cucumber.testng.PickleWrapper,io.cucumber.testng.FeatureWrapper)[pri:0, instance:runner.TestRunner@12e61fe6]" name="runScenario" class="io.cucumber.testng.AbstractTestNGCucumberTests"/>
      </group> <!-- cucumber -->
    </groups>
    <test started-at="2026-01-27T02:54:16 IST" name="Surefire test" finished-at="2026-01-27T02:54:49 IST" duration-ms="33381">
      <class name="runner.TestRunner">
        <test-method is-config="true" signature="setUpClass(org.testng.ITestContext)[pri:0, instance:runner.TestRunner@12e61fe6]" started-at="2026-01-27T02:54:16 IST" name="setUpClass" finished-at="2026-01-27T02:54:16 IST" duration-ms="204" status="PASS">
          <params>
            <param index="0">
              <value>
                <![CDATA[org.testng.TestRunner@507b79f7]]>
              </value>
            </param>
          </params>
          <reporter-output>
          </reporter-output>
        </test-method> <!-- setUpClass -->
        <test-method signature="runScenario(io.cucumber.testng.PickleWrapper,io.cucumber.testng.FeatureWrapper)[pri:0, instance:runner.TestRunner@12e61fe6]" started-at="2026-01-27T02:54:16 IST" name="runScenario" description="Runs Cucumber Scenarios" data-provider="scenarios" finished-at="2026-01-27T02:54:21 IST" duration-ms="4645" status="PASS">
          <params>
            <param index="0">
              <value>
                <![CDATA["Request OTP to mobile"]]>
              </value>
            </param>
            <param index="1">
              <value>
                <![CDATA["Login OTP"]]>
              </value>
            </param>
          </params>
          <reporter-output>
          </reporter-output>
        </test-method> <!-- runScenario -->
        <test-method signature="runScenario(io.cucumber.testng.PickleWrapper,io.cucumber.testng.FeatureWrapper)[pri:0, instance:runner.TestRunner@12e61fe6]" started-at="2026-01-27T02:54:21 IST" name="runScenario" description="Runs Cucumber Scenarios" data-provider="scenarios" finished-at="2026-01-27T02:54:49 IST" duration-ms="28488" status="PASS">
          <params>
            <param index="0">
              <value>
                <![CDATA["Select from and to stations"]]>
              </value>
            </param>
            <param index="1">
              <value>
                <![CDATA["Train selection"]]>
              </value>
            </param>
          </params>
          <reporter-output>
          </reporter-output>
        </test-method> <!-- runScenario -->
        <test-method is-config="true" signature="tearDownClass()[pri:0, instance:runner.TestRunner@12e61fe6]" started-at="2026-01-27T02:54:49 IST" name="tearDownClass" finished-at="2026-01-27T02:54:49 IST" duration-ms="4" status="PASS">
          <reporter-output>
          </reporter-output>
        </test-method> <!-- tearDownClass -->
      </class> <!-- runner.TestRunner -->
    </test> <!-- Surefire test -->
  </suite> <!-- Surefire suite -->
</testng-results>
