<?xml version="1.0" encoding="UTF-8"?>
<testsuite xmlns:xsi="http://www.w3.org/2001/XMLSchema-instance" xsi:noNamespaceSchemaLocation="https://maven.apache.org/surefire/maven-surefire-plugin/xsd/surefire-test-report-3.0.xsd" version="3.0" name="runner.TestRunner" time="85.233" tests="2" errors="0" skipped="0" failures="0">
  <properties>
[...]
</properties>
  <testcase name="runScenario[&quot;Request OTP to mobile&quot;, &quot;Login OTP&quot;](1)" classname="runner.TestRunner" time="5.67">
    <system-out><![CDATA[
@manualOtp
Scenario: Request OTP to mobile       # src/test/resources/features/Login.feature:4
  Given user opens login              # stepdefinitions.LoginSteps.user_opens_login()
  When user enters mobile number      # stepdefinitions.LoginSteps.user_enters_mobile_number()
  And user clicks continue to get OTP # stepdefinitions.LoginSteps.user_clicks_continue_to_get_otp()
OTP screen displayed. Enter OTP manually.
  Then OTP screen should be displayed # stepdefinitions.LoginSteps.otp_screen_should_be_displayed()
Manual OTP scenario: browser kept open.
]]></system-out>
    <system-err><![CDATA[SLF4J: Failed to load class "org.slf4j.impl.StaticLoggerBinder".
SLF4J: Defaulting to no-operation (NOP) logger implementation
SLF4J: See http://www.slf4j.org/codes.html#StaticLoggerBinder for further details.
Feb 02, 2026 12:42:00 AM com.aventstack.extentreports.config.external.XmlConfigLoader createStream
SEVERE: src\test\resources\spark-config.xml
java.io.FileNotFoundException: src\test\resources\spark-config.xml (The system cannot find the file specified)
	at java.base/java.io.FileInputStream.open0(Native Method)
	at java.base/java.io.FileInputStream.open(FileInputStream.java:216)
	at java.base/java.io.FileInputStream.<init>(FileInputStream.java:157)
	at com.aventstack.extentreports.config.external.XmlConfigLoader.createStream(XmlConfigLoader.java:39)
	at com.aventstack.extentreports.config.external.XmlConfigLoader.<init>(XmlConfigLoader.java:33)
	at com.aventstack.extentreports.reporter.ExtentSparkReporter.loadXMLConfig(ExtentSparkReporter.java:94)
	at com.aventstack.extentreports.reporter.ExtentSparkReporter.loadXMLConfig(ExtentSparkReporter.java:101)
	at com.aventstack.extentreports.service.ExtentService$ExtentReportsLoader.attach(ExtentService.java:432)
	at com.aventstack.extentreports.service.ExtentService$ExtentReportsLoader.initSpark(ExtentService.java:363)
	at com.aventstack.extentreports.service.ExtentService$ExtentReportsLoader.createViaProperties(ExtentService.java:207)
	at com.aventstack.extentreports.service.ExtentService$ExtentReportsLoader.<clinit>(ExtentService.java:183)
	at com.aventstack.extentreports.service.ExtentService.getInstance(ExtentService.java:42)
	at com.aventstack.extentreports.cucumber.adapter.ExtentCucumberAdapter.<init>(ExtentCucumberAdapter.java:142)
	at java.base/jdk.internal.reflect.NativeConstructorAccessorImpl.newInstance0(Native Method)
	at java.base/jdk.internal.reflect.NativeConstructorAccessorImpl.newInstance(NativeConstructorAccessorImpl.java:77)
	at java.base/jdk.internal.reflect.DelegatingConstructorAccessorImpl.newInstance(DelegatingConstructorAccessorImpl.java:45)
	at java.base/java.lang.reflect.Constructor.newInstanceWithCaller(Constructor.java:499)
	at java.base/java.lang.reflect.Constructor.newInstance(Constructor.java:480)
	at io.cucumber.core.plugin.PluginFactory.newInstance(PluginFactory.java:116)
	at io.cucumber.core.plugin.PluginFactory.instantiate(PluginFactory.java:99)
	at io.cucumber.core.plugin.PluginFactory.create(PluginFactory.java:63)
	at io.cucumber.core.plugin.Plugins.createPlugins(Plugins.java:32)
	at io.cucumber.core.plugin.Plugins.<init>(Plugins.java:25)
	at io.cucumber.testng.TestNGCucumberRunner.<init>(TestNGCucumberRunner.java:108)
	at io.cucumber.testng.AbstractTestNGCucumberTests.setUpClass(AbstractTestNGCucumberTests.java:27)
	at java.base/jdk.internal.reflect.NativeMethodAccessorImpl.invoke0(Native Method)
	at java.base/jdk.internal.reflect.NativeMethodAccessorImpl.invoke(NativeMethodAccessorImpl.java:77)
	at java.base/jdk.internal.reflect.DelegatingMethodAccessorImpl.invoke(DelegatingMethodAccessorImpl.java:43)
	at java.base/java.lang.reflect.Method.invoke(Method.java:568)
	at org.testng.internal.invokers.MethodInvocationHelper.invokeMethod(MethodInvocationHelper.java:139)
	at org.testng.internal.invokers.MethodInvocationHelper.invokeMethodConsideringTimeout(MethodInvocationHelper.java:69)
	at org.testng.internal.invokers.ConfigInvoker.invokeConfigurationMethod(ConfigInvoker.java:393)
	at org.testng.internal.invokers.ConfigInvoker.invokeConfigurations(ConfigInvoker.java:326)
	at org.testng.internal.invokers.TestMethodWorker.invokeBeforeClassMethods(TestMethodWorker.java:180)
	at org.testng.internal.invokers.TestMethodWorker.run(TestMethodWorker.java:122)
	at java.base/java.util.ArrayList.forEach(ArrayList.java:1511)
	at org.testng.TestRunner.privateRun(TestRunner.java:819)
	at org.testng.TestRunner.run(TestRunner.java:619)
	at org.testng.SuiteRunner.runTest(SuiteRunner.java:443)
	at org.testng.SuiteRunner.runSequentially(SuiteRunner.java:437)
	at org.testng.SuiteRunner.privateRun(SuiteRunner.java:397)
	at org.testng.SuiteRunner.run(SuiteRunner.java:336)
	at org.testng.SuiteRunnerWorker.runSuite(SuiteRunnerWorker.java:52)
	at org.testng.SuiteRunnerWorker.run(SuiteRunnerWorker.java:95)
	at org.testng.TestNG.runSuitesSequentially(TestNG.java:1301)
	at org.testng.TestNG.runSuitesLocally(TestNG.java:1228)
	at org.testng.TestNG.runSuites(TestNG.java:1134)
	at org.testng.TestNG.run(TestNG.java:1101)
	at org.apache.maven.surefire.testng.TestNGExecutor.run(TestNGExecutor.java:155)
	at org.apache.maven.surefire.testng.TestNGDirectoryTestSuite.executeSingleClass(TestNGDirectoryTestSuite.java:102)
	at org.apache.maven.surefire.testng.TestNGDirectoryTestSuite.execute(TestNGDirectoryTestSuite.java:91)
	at org.apache.maven.surefire.testng.TestNGProvider.invoke(TestNGProvider.java:137)
	at org.apache.maven.surefire.booter.ForkedBooter.runSuitesInProcess(ForkedBooter.java:385)
	at org.apache.maven.surefire.booter.ForkedBooter.execute(ForkedBooter.java:162)
	at org.apache.maven.surefire.booter.ForkedBooter.run(ForkedBooter.java:507)
	at org.apache.maven.surefire.booter.ForkedBooter.main(ForkedBooter.java:495)

java.lang.IllegalArgumentException: InputStream cannot be null
	at java.xml/javax.xml.parsers.DocumentBuilder.parse(DocumentBuilder.java:118)
	at com.aventstack.extentreports.config.external.XmlConfigLoader.getConfigStore(XmlConfigLoader.java:61)
	at com.aventstack.extentreports.config.external.XmlConfigLoader.apply(XmlConfigLoader.java:46)
	at com.aventstack.extentreports.reporter.ExtentSparkReporter.loadXMLConfig(ExtentSparkReporter.java:96)
	at com.aventstack.extentreports.reporter.ExtentSparkReporter.loadXMLConfig(ExtentSparkReporter.java:101)
	at com.aventstack.extentreports.service.ExtentService$ExtentReportsLoader.attach(ExtentService.java:432)
	at com.aventstack.extentreports.service.ExtentService$ExtentReportsLoader.initSpark(ExtentService.java:363)
	at com.aventstack.extentreports.service.ExtentService$ExtentReportsLoader.createViaProperties(ExtentService.java:207)
	at com.aventstack.extentreports.service.ExtentService$ExtentReportsLoader.<clinit>(ExtentService.java:183)
	at com.aventstack.extentreports.service.ExtentService.getInstance(ExtentService.java:42)
	at com.aventstack.extentreports.cucumber.adapter.ExtentCucumberAdapter.<init>(ExtentCucumberAdapter.java:142)
	at java.base/jdk.internal.reflect.NativeConstructorAccessorImpl.newInstance0(Native Method)
	at java.base/jdk.internal.reflect.NativeConstructorAccessorImpl.newInstance(NativeConstructorAccessorImpl.java:77)
	at java.base/jdk.internal.reflect.DelegatingConstructorAccessorImpl.newInstance(DelegatingConstructorAccessorImpl.java:45)
	at java.base/java.lang.reflect.Constructor.newInstanceWithCaller(Constructor.java:499)
	at java.base/java.lang.reflect.Constructor.newInstance(Constructor.java:480)
	at io.cucumber.core.plugin.PluginFactory.newInstance(PluginFactory.java:116)
	at io.cucumber.core.plugin.PluginFactory.instantiate(PluginFactory.java:99)
	at io.cucumber.core.plugin.PluginFactory.create(PluginFactory.java:63)
	at io.cucumber.core.plugin.Plugins.createPlugins(Plugins.java:32)
	at io.cucumber.core.plugin.Plugins.<init>(Plugins.java:25)
	at io.cucumber.testng.TestNGCucumberRunner.<init>(TestNGCucumberRunner.java:108)
	at io.cucumber.testng.AbstractTestNGCucumberTests.setUpClass(AbstractTestNGCucumberTests.java:27)
	at java.base/jdk.internal.reflect.NativeMethodAccessorImpl.invoke0(Native Method)
	at java.base/jdk.internal.reflect.NativeMethodAccessorImpl.invoke(NativeMethodAccessorImpl.java:77)
	at java.base/jdk.internal.reflect.DelegatingMethodAccessorImpl.invoke(DelegatingMethodAccessorImpl.java:43)
	at java.base/java.lang.reflect.Method.invoke(Method.java:568)
	at org.testng.internal.invokers.MethodInvocationHelper.invokeMethod(MethodInvocationHelper.java:139)
	at org.testng.internal.invokers.MethodInvocationHelper.invokeMethodConsideringTimeout(MethodInvocationHelper.java:69)
	at org.testng.internal.invokers.ConfigInvoker.invokeConfigurationMethod(ConfigInvoker.java:393)
	at org.testng.internal.invokers.ConfigInvoker.invokeConfigurations(ConfigInvoker.java:326)
	at org.testng.internal.invokers.TestMethodWorker.invokeBeforeClassMethods(TestMethodWorker.java:180)
	at org.testng.internal.invokers.TestMethodWorker.run(TestMethodWorker.java:122)
	at java.base/java.util.ArrayList.forEach(ArrayList.java:1511)
	at org.testng.TestRunner.privateRun(TestRunner.java:819)
	at org.testng.TestRunner.run(TestRunner.java:619)
	at org.testng.SuiteRunner.runTest(SuiteRunner.java:443)
	at org.testng.SuiteRunner.runSequentially(SuiteRunner.java:437)
	at org.testng.SuiteRunner.privateRun(SuiteRunner.java:397)
	at org.testng.SuiteRunner.run(SuiteRunner.java:336)
	at org.testng.SuiteRunnerWorker.runSuite(SuiteRunnerWorker.java:52)
	at org.testng.SuiteRunnerWorker.run(SuiteRunnerWorker.java:95)
	at org.testng.TestNG.runSuitesSequentially(TestNG.java:1301)
	at org.testng.TestNG.runSuitesLocally(TestNG.java:1228)
	at org.testng.TestNG.runSuites(TestNG.java:1134)
	at org.testng.TestNG.run(TestNG.java:1101)
	at org.apache.maven.surefire.testng.TestNGExecutor.run(TestNGExecutor.java:155)
	at org.apache.maven.surefire.testng.TestNGDirectoryTestSuite.executeSingleClass(TestNGDirectoryTestSuite.java:102)
	at org.apache.maven.surefire.testng.TestNGDirectoryTestSuite.execute(TestNGDirectoryTestSuite.java:91)
	at org.apache.maven.surefire.testng.TestNGProvider.invoke(TestNGProvider.java:137)
	at org.apache.maven.surefire.booter.ForkedBooter.runSuitesInProcess(ForkedBooter.java:385)
	at org.apache.maven.surefire.booter.ForkedBooter.execute(ForkedBooter.java:162)
	at org.apache.maven.surefire.booter.ForkedBooter.run(ForkedBooter.java:507)
	at org.apache.maven.surefire.booter.ForkedBooter.main(ForkedBooter.java:495)
Feb 02, 2026 12:42:03 AM org.openqa.selenium.devtools.CdpVersionFinder findNearestMatch
WARNING: Unable to find an exact match for CDP version 144, returning the closest version; found: 143; Please update to a Selenium version that supports CDP version 144
]]></system-err>
  </testcase>
  <testcase name="runScenario[&quot;Select from and to stations&quot;, &quot;Train selection&quot;](2)" classname="runner.TestRunner" time="78.52">
    <system-out><![CDATA[
@manualOtp
Scenario: Select from and to stations                       # src/test/resources/features/Trains.feature:4
Please complete OTP login manually... waiting up to 3 minutes.
Assuming OTP is completed manually. Continuing...
  Given user is logged in manually                          # stepdefinitions.TrainsSteps.user_is_logged_in_manually()
  When user opens trains page                               # stepdefinitions.TrainsSteps.user_opens_trains_page()
  And user selects from station "Salem Jn (SA)"             # stepdefinitions.TrainsSteps.user_selects_from_station(java.lang.String)
  And user selects to station "Chennai - All stations(MAS)" # stepdefinitions.TrainsSteps.user_selects_to_station(java.lang.String)
  And user selects departure day 31                         # stepdefinitions.TrainsSteps.user_selects_departure_day(java.lang.Integer)
  And user clicks search trains                             # stepdefinitions.TrainsSteps.user_clicks_search_trains()
  And train results should be displayed                     # stepdefinitions.TrainsSteps.train_results_should_be_displayed()
  And user enables best available                           # stepdefinitions.TrainResultsSteps.user_enables_best_available()
  And user selects class "3A"                               # stepdefinitions.TrainResultsSteps.user_selects_class(java.lang.String)
  And user clicks book button                               # stepdefinitions.TrainResultsSteps.user_clicks_book_button()
  And user selects saved passenger "Vijay L S"              # stepdefinitions.TrainResultsSteps.user_selects_saved_passenger(java.lang.String)
  Then user confirms passengers                             # stepdefinitions.TrainResultsSteps.user_confirms_passengers()
  And user is on checkout page                              # stepdefinitions.CheckoutSteps.user_is_on_checkout_page()
  And user enters email "vijay@example.com"                 # stepdefinitions.CheckoutSteps.user_enters_email(java.lang.String)
  And user selects no free cancellation                     # stepdefinitions.CheckoutSteps.user_selects_no_free_cancellation()
  And user clicks proceed to pay                            # stepdefinitions.CheckoutSteps.user_clicks_proceed_to_pay()
  Then proceed to pay should be visible                     # stepdefinitions.CheckoutSteps.proceed_to_pay_should_be_visible()
Manual OTP scenario: browser kept open.
]]></system-out>
  </testcase>
</testsuite>